c:\users\alexey\documents\visual studio 2013\projects\imitator_prototype\imitator_prototype\debug\imitator_prototype.pch
c:\users\alexey\documents\visual studio 2013\projects\imitator_prototype\imitator_prototype\debug\vc120.pdb
c:\users\alexey\documents\visual studio 2013\projects\imitator_prototype\imitator_prototype\debug\vc120.idb
c:\users\alexey\documents\visual studio 2013\projects\imitator_prototype\imitator_prototype\debug\stdafx.obj
c:\users\alexey\documents\visual studio 2013\projects\imitator_prototype\imitator_prototype\debug\imitator_prototype.obj
c:\users\alexey\documents\visual studio 2013\projects\imitator_prototype\imitator_prototype\debug\resultofscan.obj
c:\users\alexey\documents\visual studio 2013\projects\imitator_prototype\imitator_prototype\debug\airobject.obj
c:\users\alexey\documents\visual studio 2013\projects\imitator_prototype\imitator_prototype\debug\imitator.obj
c:\users\alexey\documents\visual studio 2013\projects\imitator_prototype\imitator_prototype\debug\referencestate.obj
c:\users\alexey\documents\visual studio 2013\projects\imitator_prototype\debug\imitator_prototype.pdb
c:\users\alexey\documents\visual studio 2013\projects\imitator_prototype\imitator_prototype\debug\imitator.d06443c8.tlog\cl.command.1.tlog
c:\users\alexey\documents\visual studio 2013\projects\imitator_prototype\imitator_prototype\debug\imitator.d06443c8.tlog\cl.read.1.tlog
c:\users\alexey\documents\visual studio 2013\projects\imitator_prototype\imitator_prototype\debug\imitator.d06443c8.tlog\cl.write.1.tlog
c:\users\alexey\documents\visual studio 2013\projects\imitator_prototype\imitator_prototype\debug\imitator.d06443c8.tlog\link.4356-cvtres.read.1.tlog
c:\users\alexey\documents\visual studio 2013\projects\imitator_prototype\imitator_prototype\debug\imitator.d06443c8.tlog\link.4356-cvtres.write.1.tlog
c:\users\alexey\documents\visual studio 2013\projects\imitator_prototype\imitator_prototype\debug\imitator.d06443c8.tlog\link.4356-rc.read.1.tlog
c:\users\alexey\documents\visual studio 2013\projects\imitator_prototype\imitator_prototype\debug\imitator.d06443c8.tlog\link.4356-rc.write.1.tlog
c:\users\alexey\documents\visual studio 2013\projects\imitator_prototype\imitator_prototype\debug\imitator.d06443c8.tlog\link.4356.read.1.tlog
c:\users\alexey\documents\visual studio 2013\projects\imitator_prototype\imitator_prototype\debug\imitator.d06443c8.tlog\link.4356.write.1.tlog
c:\users\alexey\documents\visual studio 2013\projects\imitator_prototype\imitator_prototype\debug\imitator.d06443c8.tlog\link.command.1.tlog
c:\users\alexey\documents\visual studio 2013\projects\imitator_prototype\imitator_prototype\debug\imitator.d06443c8.tlog\link.read.1.tlog
c:\users\alexey\documents\visual studio 2013\projects\imitator_prototype\imitator_prototype\debug\imitator.d06443c8.tlog\link.write.1.tlog
