Сборка начата 23.10.2018 22:23:40.
     1>Проект "C:\Users\Alexey\documents\visual studio 2013\Projects\Imitator_prototype\Imitator_prototype\Imitator_prototype.vcxproj" в узле 2 (целевые объекты Build).
     1>ClCompile:
         C:\Program Files (x86)\Microsoft Visual Studio 12.0\VC\bin\CL.exe /c /ZI /nologo /W3 /WX- /sdl /Od /Oy- /D WIN32 /D _DEBUG /D _CONSOLE /D _LIB /D _UNICODE /D UNICODE /Gm /EHsc /RTC1 /MDd /GS /fp:precise /Zc:wchar_t /Zc:forScope /Yu"stdafx.h" /Fp"Debug\Imitator_prototype.pch" /Fo"Debug\\" /Fd"Debug\vc120.pdb" /Gd /TP /analyze- /errorReport:prompt AirObject.cpp
         AirObject.cpp
     1>c:\users\alexey\documents\visual studio 2013\projects\imitator_prototype\imitator_prototype\airobject.cpp(21): warning C4244: =: преобразование "int" в "float", возможна потеря данных
     1>c:\users\alexey\documents\visual studio 2013\projects\imitator_prototype\imitator_prototype\airobject.cpp(22): warning C4244: -=: преобразование "float" в "int", возможна потеря данных
     1>c:\users\alexey\documents\visual studio 2013\projects\imitator_prototype\imitator_prototype\airobject.cpp(26): warning C4244: =: преобразование "int" в "float", возможна потеря данных
     1>c:\users\alexey\documents\visual studio 2013\projects\imitator_prototype\imitator_prototype\airobject.cpp(27): warning C4244: -=: преобразование "float" в "int", возможна потеря данных
     1>c:\users\alexey\documents\visual studio 2013\projects\imitator_prototype\imitator_prototype\airobject.cpp(30): warning C4244: =: преобразование "int" в "float", возможна потеря данных
     1>c:\users\alexey\documents\visual studio 2013\projects\imitator_prototype\imitator_prototype\airobject.cpp(33): warning C4244: =: преобразование "int" в "float", возможна потеря данных
     1>c:\users\alexey\documents\visual studio 2013\projects\imitator_prototype\imitator_prototype\airobject.cpp(42): warning C4244: =: преобразование "int" в "float", возможна потеря данных
     1>c:\users\alexey\documents\visual studio 2013\projects\imitator_prototype\imitator_prototype\airobject.cpp(43): warning C4244: =: преобразование "int" в "float", возможна потеря данных
     1>c:\users\alexey\documents\visual studio 2013\projects\imitator_prototype\imitator_prototype\airobject.cpp(44): warning C4244: =: преобразование "int" в "float", возможна потеря данных
     1>c:\users\alexey\documents\visual studio 2013\projects\imitator_prototype\imitator_prototype\airobject.cpp(46): warning C4244: =: преобразование "int" в "float", возможна потеря данных
     1>c:\users\alexey\documents\visual studio 2013\projects\imitator_prototype\imitator_prototype\airobject.cpp(47): warning C4244: =: преобразование "int" в "float", возможна потеря данных
     1>c:\users\alexey\documents\visual studio 2013\projects\imitator_prototype\imitator_prototype\airobject.cpp(48): warning C4244: =: преобразование "int" в "float", возможна потеря данных
     1>c:\users\alexey\documents\visual studio 2013\projects\imitator_prototype\imitator_prototype\airobject.cpp(57): warning C4244: +=: преобразование "double" в "float", возможна потеря данных
     1>c:\users\alexey\documents\visual studio 2013\projects\imitator_prototype\imitator_prototype\airobject.cpp(58): warning C4244: +=: преобразование "double" в "float", возможна потеря данных
     1>c:\users\alexey\documents\visual studio 2013\projects\imitator_prototype\imitator_prototype\airobject.cpp(59): warning C4244: +=: преобразование "double" в "float", возможна потеря данных
     1>c:\users\alexey\documents\visual studio 2013\projects\imitator_prototype\imitator_prototype\airobject.cpp(67): warning C4244: +=: преобразование "double" в "float", возможна потеря данных
     1>c:\users\alexey\documents\visual studio 2013\projects\imitator_prototype\imitator_prototype\airobject.cpp(68): warning C4244: +=: преобразование "double" в "float", возможна потеря данных
     1>c:\users\alexey\documents\visual studio 2013\projects\imitator_prototype\imitator_prototype\airobject.cpp(69): warning C4244: +=: преобразование "double" в "float", возможна потеря данных
     1>c:\users\alexey\documents\visual studio 2013\projects\imitator_prototype\imitator_prototype\airobject.cpp(74): warning C4244: =: преобразование "double" в "int", возможна потеря данных
     1>c:\users\alexey\documents\visual studio 2013\projects\imitator_prototype\imitator_prototype\airobject.cpp(79): warning C4244: =: преобразование "double" в "int", возможна потеря данных
     1>c:\users\alexey\documents\visual studio 2013\projects\imitator_prototype\imitator_prototype\airobject.cpp(86): warning C4244: +=: преобразование "double" в "float", возможна потеря данных
     1>c:\users\alexey\documents\visual studio 2013\projects\imitator_prototype\imitator_prototype\airobject.cpp(88): warning C4244: +=: преобразование "double" в "float", возможна потеря данных
     1>c:\users\alexey\documents\visual studio 2013\projects\imitator_prototype\imitator_prototype\airobject.cpp(90): warning C4244: +=: преобразование "double" в "float", возможна потеря данных
       Link:
         C:\Program Files (x86)\Microsoft Visual Studio 12.0\VC\bin\link.exe /ERRORREPORT:PROMPT /OUT:"C:\Users\Alexey\documents\visual studio 2013\Projects\Imitator_prototype\Debug\Imitator_prototype.exe" /INCREMENTAL /NOLOGO kernel32.lib user32.lib gdi32.lib winspool.lib comdlg32.lib advapi32.lib shell32.lib ole32.lib oleaut32.lib uuid.lib odbc32.lib odbccp32.lib /MANIFEST /MANIFESTUAC:"level='asInvoker' uiAccess='false'" /manifest:embed /DEBUG /PDB:"C:\Users\Alexey\documents\visual studio 2013\Projects\Imitator_prototype\Debug\Imitator_prototype.pdb" /SUBSYSTEM:CONSOLE /TLBID:1 /DYNAMICBASE /NXCOMPAT /IMPLIB:"C:\Users\Alexey\documents\visual studio 2013\Projects\Imitator_prototype\Debug\Imitator_prototype.lib" /MACHINE:X86 Debug\AirObject.obj
         Debug\Imitator.obj
         Debug\Imitator_prototype.obj
         Debug\ResultOfScan.obj
         Debug\stdafx.obj
         Imitator_prototype.vcxproj -> C:\Users\Alexey\documents\visual studio 2013\Projects\Imitator_prototype\Debug\Imitator_prototype.exe
     1>Сборка проекта "C:\Users\Alexey\documents\visual studio 2013\Projects\Imitator_prototype\Imitator_prototype\Imitator_prototype.vcxproj" завершена (целевые объекты Build).

Сборка успешно завершена.

Затраченное время: 00:00:01.35
